Starting Selenium Grid
[jenkins] $ /usr/lib/jvm/java-11-openjdk-amd64/bin/java -cp /var/cache/jenkins/war/WEB-INF/lib/remoting-3044.vb_940a_a_e4f72e.jar:/var/lib/jenkins/plugins/selenium/WEB-INF/lib/selenium-server-standalone-3.141.59.jar:/var/lib/jenkins/plugins/selenium/WEB-INF/lib/htmlunit-driver-standalone-2.33.3.jar hudson.remoting.Launcher -connectTo localhost:44003
Starting Selenium Grid
channel started
Nov 16, 2022 10:59:11 AM hudson.plugins.selenium.HubLauncher call
OFF: Grid hub starting with log level INFO
Nov 16, 2022 10:59:11 AM hudson.plugins.selenium.HubLauncher call
OFF: Grid Hub preparing to start on port 4444
2022-11-16 10:59:19.656:INFO::pool-1-thread-2 for channel id=0: Logging initialized @28963ms to org.seleniumhq.jetty9.util.log.StdErrLog
2022-11-16 10:59:20.000:INFO:osjs.Server:pool-1-thread-2 for channel id=0: jetty-9.4.z-SNAPSHOT; built: 2018-08-30T13:59:14.071Z; git: 27208684755d94a92186989f695db2d7b21ebc51; jvm 11.0.17+8-post-Ubuntu-1ubuntu222.04
2022-11-16 10:59:20.146:INFO:osjs.session:pool-1-thread-2 for channel id=0: DefaultSessionIdManager workerName=node0
2022-11-16 10:59:20.146:INFO:osjs.session:pool-1-thread-2 for channel id=0: No SessionScavenger set, using defaults
2022-11-16 10:59:20.151:INFO:osjs.session:pool-1-thread-2 for channel id=0: node0 Scavenging every 660000ms
2022-11-16 10:59:20.173:INFO:osjsh.ContextHandler:pool-1-thread-2 for channel id=0: Started o.s.j.s.ServletContextHandler@713445e0{/,null,AVAILABLE}
2022-11-16 10:59:20.212:INFO:osjs.AbstractConnector:pool-1-thread-2 for channel id=0: Started ServerConnector@6455733b{HTTP/1.1,[http/1.1]}{localhost:4444}
2022-11-16 10:59:20.216:INFO:osjs.Server:pool-1-thread-2 for channel id=0: Started @29523ms
Nov 16, 2022 10:59:20 AM org.openqa.grid.web.Hub start
INFO: Selenium Grid hub is up and running
Nov 16, 2022 10:59:20 AM org.openqa.grid.web.Hub start
INFO: Nodes should register to http://localhost:4444/grid/register/
Nov 16, 2022 10:59:20 AM org.openqa.grid.web.Hub start
INFO: Clients should connect to http://localhost:4444/wd/hub
Nov 16, 2022 10:59:20 AM hudson.plugins.selenium.HubLauncher call
OFF: Grid Hub started on port 4444 with args: -maxSession 5 -timeout 300 -browserTimeout 0 -host localhost
