Started at Wed Nov 16 11:56:38 UTC 2022
Processing Deploy
Offering Deploy to Project Build Discarder
Processing java project
Offering java project to Project Build Discarder
Processing jobone
Offering jobone to Project Build Discarder
Processing Jobtwo
Offering Jobtwo to Project Build Discarder
Processing testing
Offering testing to Project Build Discarder
Finished at Wed Nov 16 11:56:38 UTC 2022. 10ms
Started at Wed Nov 16 12:56:38 UTC 2022
Processing Deploy
Offering Deploy to Project Build Discarder
Processing java project
Offering java project to Project Build Discarder
Processing jobone
Offering jobone to Project Build Discarder
Processing Jobtwo
Offering Jobtwo to Project Build Discarder
Processing testing
Offering testing to Project Build Discarder
Finished at Wed Nov 16 12:56:38 UTC 2022. 2ms
Started at Wed Nov 16 13:56:38 UTC 2022
Processing Deploy
Offering Deploy to Project Build Discarder
Processing java project
Offering java project to Project Build Discarder
Processing jobone
Offering jobone to Project Build Discarder
Processing Jobtwo
Offering Jobtwo to Project Build Discarder
Processing testing
Offering testing to Project Build Discarder
Finished at Wed Nov 16 13:56:38 UTC 2022. 1ms
Started at Wed Nov 16 14:56:38 UTC 2022
Processing Deploy
Offering Deploy to Project Build Discarder
Processing java project
Offering java project to Project Build Discarder
Processing jobone
Offering jobone to Project Build Discarder
Processing Jobtwo
Offering Jobtwo to Project Build Discarder
Processing testing
Offering testing to Project Build Discarder
Finished at Wed Nov 16 14:56:38 UTC 2022. 2ms
